[93mWARNING [0m:   DEPRECATED FEATURE: flwr.server.start_server() is deprecated.
	Instead, use the `flower-superlink` CLI command to start a SuperLink as shown below:

		$ flower-superlink --insecure

	To view usage and all available options, run:

		$ flower-superlink --help

	Using `start_server()` is deprecated.

            This is a deprecated feature. It will be removed
            entirely in future versions of Flower.
        
[92mINFO [0m:      Starting Flower server, config: num_rounds=1, no round_timeout
[92mINFO [0m:      Flower ECE: gRPC server running (1 rounds), SSL is disabled
[92mINFO [0m:      [INIT]
[92mINFO [0m:      Using initial global parameters provided by strategy
[92mINFO [0m:      Starting evaluation of initial global parameters
[92mINFO [0m:      Evaluation returned no results (`None`)
[92mINFO [0m:      
[92mINFO [0m:      [ROUND 1]
[92mINFO [0m:      configure_fit: strategy sampled 2 clients (out of 2)
[92mINFO [0m:      aggregate_fit: received 2 results and 0 failures
[93mWARNING [0m:   No fit_metrics_aggregation_fn provided
[92mINFO [0m:      configure_evaluate: strategy sampled 2 clients (out of 2)
[92mINFO [0m:      aggregate_evaluate: received 2 results and 0 failures
[93mWARNING [0m:   No evaluate_metrics_aggregation_fn provided
[92mINFO [0m:      
[92mINFO [0m:      [SUMMARY]
[92mINFO [0m:      Run finished 1 round(s) in 5.67s
[92mINFO [0m:      	History (loss, distributed):
[92mINFO [0m:      		round 1: 0.6341278254985809
[92mINFO [0m:      
[93mWARNING [0m:   DEPRECATED FEATURE: flwr.server.start_server() is deprecated.
	Instead, use the `flower-superlink` CLI command to start a SuperLink as shown below:

		$ flower-superlink --insecure

	To view usage and all available options, run:

		$ flower-superlink --help

	Using `start_server()` is deprecated.

            This is a deprecated feature. It will be removed
            entirely in future versions of Flower.
        
[92mINFO [0m:      Starting Flower server, config: num_rounds=1, no round_timeout
[92mINFO [0m:      Flower ECE: gRPC server running (1 rounds), SSL is disabled
[92mINFO [0m:      [INIT]
[92mINFO [0m:      Using initial global parameters provided by strategy
[92mINFO [0m:      Starting evaluation of initial global parameters
[92mINFO [0m:      Evaluation returned no results (`None`)
[92mINFO [0m:      
[92mINFO [0m:      [ROUND 1]
[92mINFO [0m:      configure_fit: strategy sampled 2 clients (out of 2)
[92mINFO [0m:      aggregate_fit: received 2 results and 0 failures
[93mWARNING [0m:   No fit_metrics_aggregation_fn provided
[92mINFO [0m:      configure_evaluate: strategy sampled 2 clients (out of 2)
[92mINFO [0m:      aggregate_evaluate: received 2 results and 0 failures
[93mWARNING [0m:   No evaluate_metrics_aggregation_fn provided
[92mINFO [0m:      
[92mINFO [0m:      [SUMMARY]
[92mINFO [0m:      Run finished 1 round(s) in 9.92s
[92mINFO [0m:      	History (loss, distributed):
[92mINFO [0m:      		round 1: 0.719789057970047
[92mINFO [0m:      
[93mWARNING [0m:   DEPRECATED FEATURE: flwr.server.start_server() is deprecated.
	Instead, use the `flower-superlink` CLI command to start a SuperLink as shown below:

		$ flower-superlink --insecure

	To view usage and all available options, run:

		$ flower-superlink --help

	Using `start_server()` is deprecated.

            This is a deprecated feature. It will be removed
            entirely in future versions of Flower.
        
[92mINFO [0m:      Starting Flower server, config: num_rounds=1, no round_timeout
[92mINFO [0m:      Flower ECE: gRPC server running (1 rounds), SSL is disabled
[92mINFO [0m:      [INIT]
[92mINFO [0m:      Using initial global parameters provided by strategy
[92mINFO [0m:      Starting evaluation of initial global parameters
[92mINFO [0m:      Evaluation returned no results (`None`)
[92mINFO [0m:      
[92mINFO [0m:      [ROUND 1]
[92mINFO [0m:      configure_fit: strategy sampled 2 clients (out of 2)
[92mINFO [0m:      aggregate_fit: received 2 results and 0 failures
[93mWARNING [0m:   No fit_metrics_aggregation_fn provided
[92mINFO [0m:      configure_evaluate: strategy sampled 2 clients (out of 2)
[92mINFO [0m:      aggregate_evaluate: received 2 results and 0 failures
[93mWARNING [0m:   No evaluate_metrics_aggregation_fn provided
[92mINFO [0m:      
[92mINFO [0m:      [SUMMARY]
[92mINFO [0m:      Run finished 1 round(s) in 10.04s
[92mINFO [0m:      	History (loss, distributed):
[92mINFO [0m:      		round 1: 0.6569263935089111
[92mINFO [0m:      
[93mWARNING [0m:   DEPRECATED FEATURE: flwr.server.start_server() is deprecated.
	Instead, use the `flower-superlink` CLI command to start a SuperLink as shown below:

		$ flower-superlink --insecure

	To view usage and all available options, run:

		$ flower-superlink --help

	Using `start_server()` is deprecated.

            This is a deprecated feature. It will be removed
            entirely in future versions of Flower.
        
[92mINFO [0m:      Starting Flower server, config: num_rounds=1, no round_timeout
[92mINFO [0m:      Flower ECE: gRPC server running (1 rounds), SSL is disabled
[92mINFO [0m:      [INIT]
[92mINFO [0m:      Using initial global parameters provided by strategy
[92mINFO [0m:      Starting evaluation of initial global parameters
[92mINFO [0m:      Evaluation returned no results (`None`)
[92mINFO [0m:      
[92mINFO [0m:      [ROUND 1]
[92mINFO [0m:      Flower server terminated gracefully.
--- Starting PERMANENT Federated Learning Server ---
[Server] Found saved model 'final_model.npz'. Loading parameters.
[Server] Loaded 2 parameter arrays.
[Strategy] Initial parameters loaded.

[Server] Waiting for a batch of 2 clients to connect...
[Strategy] initialize_parameters() called.

[Server (aggregate_fit)] Round 1
  Received 2 parameter updates from clients.
  Calculating change from previous global model...
  Total Parameter Change (L1 Norm): 3.7598
[Server (aggregate_fit)] Aggregation complete.
[Server] Saving new aggregated model to 'final_model.npz'...
[Server] Model saved successfully.
[Strategy] Initial parameters loaded.

[Server] Waiting for a batch of 2 clients to connect...
[Strategy] initialize_parameters() called.

[Server (aggregate_fit)] Round 1
  Received 2 parameter updates from clients.
  Calculating change from previous global model...
  Total Parameter Change (L1 Norm): 4.3757
[Server (aggregate_fit)] Aggregation complete.
[Server] Saving new aggregated model to 'final_model.npz'...
[Server] Model saved successfully.
[Strategy] Initial parameters loaded.

[Server] Waiting for a batch of 2 clients to connect...
[Strategy] initialize_parameters() called.

[Server (aggregate_fit)] Round 1
  Received 2 parameter updates from clients.
  Calculating change from previous global model...
  Total Parameter Change (L1 Norm): 3.9990
[Server (aggregate_fit)] Aggregation complete.
[Server] Saving new aggregated model to 'final_model.npz'...
[Server] Model saved successfully.
[Strategy] Initial parameters loaded.

[Server] Waiting for a batch of 2 clients to connect...
[Strategy] initialize_parameters() called.
