2025-10-30 10:03:33,516 - fl_server - INFO - Starting PERMANENT Federated Learning Server...
2025-10-30 10:03:33,516 - fl_server - INFO - [Server] Found saved model 'final_model.npz'. Loading parameters.
2025-10-30 10:03:33,521 - fl_server - INFO - 
[Server] Waiting for a batch of 2 clients to connect...
2025-10-30 10:04:37,018 - fl_server - INFO - 
[Server (aggregate_fit)] Round 1
2025-10-30 10:04:37,018 - fl_server - INFO -   Received 2 parameter updates from clients.
2025-10-30 10:04:37,020 - fl_server - INFO -   Calculating change from previous global model...
2025-10-30 10:04:37,021 - fl_server - INFO -   Total Parameter Change (L1 Norm): 1.4705
2025-10-30 10:04:37,021 - fl_server - INFO - [Server (aggregate_fit)] Aggregation complete.
2025-10-30 10:04:37,046 - fl_server - INFO - [Server] Saving new aggregated model to 'final_model.npz'...
2025-10-30 10:04:37,048 - fl_server - INFO - [Server] Model saved successfully.
2025-10-30 10:04:37,048 - fl_server - INFO - 
[Server] Waiting for a batch of 2 clients to connect...
2025-10-30 10:05:28,604 - fl_server - INFO - 
[Server (aggregate_fit)] Round 1
2025-10-30 10:05:28,605 - fl_server - INFO -   Received 2 parameter updates from clients.
2025-10-30 10:05:28,606 - fl_server - INFO -   Calculating change from previous global model...
2025-10-30 10:05:28,606 - fl_server - INFO -   Total Parameter Change (L1 Norm): 1.4684
2025-10-30 10:05:28,606 - fl_server - INFO - [Server (aggregate_fit)] Aggregation complete.
2025-10-30 10:05:28,628 - fl_server - INFO - [Server] Saving new aggregated model to 'final_model.npz'...
2025-10-30 10:05:28,631 - fl_server - INFO - [Server] Model saved successfully.
2025-10-30 10:05:28,631 - fl_server - INFO - 
[Server] Waiting for a batch of 2 clients to connect...

--- SERVER MANUALLY STOPPED FROM UI ---

--- SERVER MANUALLY STOPPED FROM UI ---

--- SERVER MANUALLY STOPPED FROM UI ---
